This file contains any messages produced by compilers while
running configure, to aid debugging if configure makes a mistake.

It was created by pjproject aconfigure 0.7, which was
generated by GNU Autoconf 2.59.  Invocation command line was

  $ ./aconfigure 

## --------- ##
## Platform. ##
## --------- ##

hostname = 3Di0021d
uname -m = i686
uname -r = 2.6.23.14-107.fc8
uname -s = Linux
uname -v = #1 SMP Mon Jan 14 21:37:30 EST 2008

/usr/bin/uname -p = unknown
/bin/uname -X     = unknown

/bin/arch              = i686
/usr/bin/arch -k       = unknown
/usr/convex/getsysinfo = unknown
hostinfo               = unknown
/bin/machine           = unknown
/usr/bin/oslevel       = unknown
/bin/universe          = unknown

PATH: /usr/lib/qt-3.3/bin
PATH: /usr/kerberos/bin
PATH: /usr/lib/ccache
PATH: /usr/local/bin
PATH: /usr/bin
PATH: /bin
PATH: /usr/X11R6/bin
PATH: /home/ryanm/bin


## ----------- ##
## Core tests. ##
## ----------- ##

aconfigure:1366: checking build system type
aconfigure:1384: result: i686-pc-linux-gnu
aconfigure:1392: checking host system type
aconfigure:1406: result: i686-pc-linux-gnu
aconfigure:1414: checking target system type
aconfigure:1428: result: i686-pc-linux-gnu
aconfigure:1502: checking for gcc
aconfigure:1518: found /usr/lib/ccache/gcc
aconfigure:1528: result: gcc
aconfigure:1772: checking for C compiler version
aconfigure:1775: gcc --version </dev/null >&5
gcc (GCC) 4.1.2 20070925 (Red Hat 4.1.2-33)
Copyright (C) 2006 Free Software Foundation, Inc.
This is free software; see the source for copying conditions.  There is NO
warranty; not even for MERCHANTABILITY or FITNESS FOR A PARTICULAR PURPOSE.

aconfigure:1778: $? = 0
aconfigure:1780: gcc -v </dev/null >&5
Using built-in specs.
Target: i386-redhat-linux
Configured with: ../configure --prefix=/usr --mandir=/usr/share/man --infodir=/usr/share/info --enable-shared --enable-threads=posix --enable-checking=release --with-system-zlib --enable-__cxa_atexit --disable-libunwind-exceptions --enable-languages=c,c++,objc,obj-c++,java,fortran,ada --enable-java-awt=gtk --disable-dssi --enable-plugin --with-java-home=/usr/lib/jvm/java-1.5.0-gcj-1.5.0.0/jre --enable-libgcj-multifile --enable-java-maintainer-mode --with-ecj-jar=/usr/share/java/eclipse-ecj.jar --with-cpu=generic --host=i386-redhat-linux
Thread model: posix
gcc version 4.1.2 20070925 (Red Hat 4.1.2-33)
aconfigure:1783: $? = 0
aconfigure:1785: gcc -V </dev/null >&5
gcc: '-V' option must have argument
aconfigure:1788: $? = 1
aconfigure:1811: checking for C compiler default output file name
aconfigure:1814: gcc -O2   conftest.c  >&5
aconfigure:1817: $? = 0
aconfigure:1863: result: a.out
aconfigure:1868: checking whether the C compiler works
aconfigure:1874: ./a.out
aconfigure:1877: $? = 0
aconfigure:1894: result: yes
aconfigure:1901: checking whether we are cross compiling
aconfigure:1903: result: no
aconfigure:1906: checking for suffix of executables
aconfigure:1908: gcc -o conftest -O2   conftest.c  >&5
aconfigure:1911: $? = 0
aconfigure:1936: result: 
aconfigure:1942: checking for suffix of object files
aconfigure:1963: gcc -c -O2  conftest.c >&5
aconfigure:1966: $? = 0
aconfigure:1988: result: o
aconfigure:1992: checking whether we are using the GNU C compiler
aconfigure:2016: gcc -c -O2  conftest.c >&5
aconfigure:2022: $? = 0
aconfigure:2026: test -z 
			 || test ! -s conftest.err
aconfigure:2029: $? = 0
aconfigure:2032: test -s conftest.o
aconfigure:2035: $? = 0
aconfigure:2048: result: yes
aconfigure:2054: checking whether gcc accepts -g
aconfigure:2075: gcc -c -g  conftest.c >&5
aconfigure:2081: $? = 0
aconfigure:2085: test -z 
			 || test ! -s conftest.err
aconfigure:2088: $? = 0
aconfigure:2091: test -s conftest.o
aconfigure:2094: $? = 0
aconfigure:2105: result: yes
aconfigure:2122: checking for gcc option to accept ANSI C
aconfigure:2192: gcc  -c -O2  conftest.c >&5
aconfigure:2198: $? = 0
aconfigure:2202: test -z 
			 || test ! -s conftest.err
aconfigure:2205: $? = 0
aconfigure:2208: test -s conftest.o
aconfigure:2211: $? = 0
aconfigure:2229: result: none needed
aconfigure:2247: gcc -c -O2  conftest.c >&5
conftest.c:2: error: expected '=', ',', ';', 'asm' or '__attribute__' before 'me'
aconfigure:2253: $? = 1
aconfigure: failed program was:
| #ifndef __cplusplus
|   choke me
| #endif
aconfigure:2438: checking for g++
aconfigure:2454: found /usr/lib/ccache/g++
aconfigure:2464: result: g++
aconfigure:2480: checking for C++ compiler version
aconfigure:2483: g++ --version </dev/null >&5
g++ (GCC) 4.1.2 20070925 (Red Hat 4.1.2-33)
Copyright (C) 2006 Free Software Foundation, Inc.
This is free software; see the source for copying conditions.  There is NO
warranty; not even for MERCHANTABILITY or FITNESS FOR A PARTICULAR PURPOSE.

aconfigure:2486: $? = 0
aconfigure:2488: g++ -v </dev/null >&5
Using built-in specs.
Target: i386-redhat-linux
Configured with: ../configure --prefix=/usr --mandir=/usr/share/man --infodir=/usr/share/info --enable-shared --enable-threads=posix --enable-checking=release --with-system-zlib --enable-__cxa_atexit --disable-libunwind-exceptions --enable-languages=c,c++,objc,obj-c++,java,fortran,ada --enable-java-awt=gtk --disable-dssi --enable-plugin --with-java-home=/usr/lib/jvm/java-1.5.0-gcj-1.5.0.0/jre --enable-libgcj-multifile --enable-java-maintainer-mode --with-ecj-jar=/usr/share/java/eclipse-ecj.jar --with-cpu=generic --host=i386-redhat-linux
Thread model: posix
gcc version 4.1.2 20070925 (Red Hat 4.1.2-33)
aconfigure:2491: $? = 0
aconfigure:2493: g++ -V </dev/null >&5
g++: '-V' option must have argument
aconfigure:2496: $? = 1
aconfigure:2499: checking whether we are using the GNU C++ compiler
aconfigure:2523: g++ -c -O2   conftest.cc >&5
aconfigure:2529: $? = 0
aconfigure:2533: test -z 
			 || test ! -s conftest.err
aconfigure:2536: $? = 0
aconfigure:2539: test -s conftest.o
aconfigure:2542: $? = 0
aconfigure:2555: result: yes
aconfigure:2561: checking whether g++ accepts -g
aconfigure:2582: g++ -c -g  conftest.cc >&5
aconfigure:2588: $? = 0
aconfigure:2592: test -z 
			 || test ! -s conftest.err
aconfigure:2595: $? = 0
aconfigure:2598: test -s conftest.o
aconfigure:2601: $? = 0
aconfigure:2612: result: yes
aconfigure:2654: g++ -c -O2   conftest.cc >&5
aconfigure:2660: $? = 0
aconfigure:2664: test -z 
			 || test ! -s conftest.err
aconfigure:2667: $? = 0
aconfigure:2670: test -s conftest.o
aconfigure:2673: $? = 0
aconfigure:2699: g++ -c -O2   conftest.cc >&5
conftest.cc: In function 'int main()':
conftest.cc:13: error: 'exit' was not declared in this scope
aconfigure:2705: $? = 1
aconfigure: failed program was:
| /* confdefs.h.  */
| 
| #define PACKAGE_NAME "pjproject"
| #define PACKAGE_TARNAME "pjproject"
| #define PACKAGE_VERSION "0.7"
| #define PACKAGE_STRING "pjproject 0.7"
| #define PACKAGE_BUGREPORT ""
| /* end confdefs.h.  */
| 
| int
| main ()
| {
| exit (42);
|   ;
|   return 0;
| }
aconfigure:2654: g++ -c -O2   conftest.cc >&5
aconfigure:2660: $? = 0
aconfigure:2664: test -z 
			 || test ! -s conftest.err
aconfigure:2667: $? = 0
aconfigure:2670: test -s conftest.o
aconfigure:2673: $? = 0
aconfigure:2699: g++ -c -O2   conftest.cc >&5
aconfigure:2705: $? = 0
aconfigure:2709: test -z 
			 || test ! -s conftest.err
aconfigure:2712: $? = 0
aconfigure:2715: test -s conftest.o
aconfigure:2718: $? = 0
aconfigure:2760: checking for pthread_create in -lpthread
aconfigure:2790: gcc -o conftest -O2   conftest.c -lpthread   >&5
aconfigure:2796: $? = 0
aconfigure:2800: test -z 
			 || test ! -s conftest.err
aconfigure:2803: $? = 0
aconfigure:2806: test -s conftest
aconfigure:2809: $? = 0
aconfigure:2822: result: yes
aconfigure:2834: checking for puts in -lwsock32
aconfigure:2864: gcc -o conftest -O2   conftest.c -lwsock32  -lpthread  >&5
conftest.c:20: warning: conflicting types for built-in function 'puts'
/usr/bin/ld: cannot find -lwsock32
collect2: ld returned 1 exit status
aconfigure:2870: $? = 1
aconfigure: failed program was:
| /* confdefs.h.  */
| 
| #define PACKAGE_NAME "pjproject"
| #define PACKAGE_TARNAME "pjproject"
| #define PACKAGE_VERSION "0.7"
| #define PACKAGE_STRING "pjproject 0.7"
| #define PACKAGE_BUGREPORT ""
| #ifdef __cplusplus
| extern "C" void std::exit (int) throw (); using std::exit;
| #endif
| #define HAVE_LIBPTHREAD 1
| /* end confdefs.h.  */
| 
| /* Override any gcc2 internal prototype to avoid an error.  */
| #ifdef __cplusplus
| extern "C"
| #endif
| /* We use char because int might match the return type of a gcc2
|    builtin and then its argument prototype would still apply.  */
| char puts ();
| int
| main ()
| {
| puts ();
|   ;
|   return 0;
| }
aconfigure:2896: result: no
aconfigure:2908: checking for puts in -lws2_32
aconfigure:2938: gcc -o conftest -O2   conftest.c -lws2_32  -lpthread  >&5
conftest.c:20: warning: conflicting types for built-in function 'puts'
/usr/bin/ld: cannot find -lws2_32
collect2: ld returned 1 exit status
aconfigure:2944: $? = 1
aconfigure: failed program was:
| /* confdefs.h.  */
| 
| #define PACKAGE_NAME "pjproject"
| #define PACKAGE_TARNAME "pjproject"
| #define PACKAGE_VERSION "0.7"
| #define PACKAGE_STRING "pjproject 0.7"
| #define PACKAGE_BUGREPORT ""
| #ifdef __cplusplus
| extern "C" void std::exit (int) throw (); using std::exit;
| #endif
| #define HAVE_LIBPTHREAD 1
| /* end confdefs.h.  */
| 
| /* Override any gcc2 internal prototype to avoid an error.  */
| #ifdef __cplusplus
| extern "C"
| #endif
| /* We use char because int might match the return type of a gcc2
|    builtin and then its argument prototype would still apply.  */
| char puts ();
| int
| main ()
| {
| puts ();
|   ;
|   return 0;
| }
aconfigure:2970: result: no
aconfigure:2982: checking for puts in -lole32
aconfigure:3012: gcc -o conftest -O2   conftest.c -lole32  -lpthread  >&5
conftest.c:20: warning: conflicting types for built-in function 'puts'
/usr/bin/ld: cannot find -lole32
collect2: ld returned 1 exit status
aconfigure:3018: $? = 1
aconfigure: failed program was:
| /* confdefs.h.  */
| 
| #define PACKAGE_NAME "pjproject"
| #define PACKAGE_TARNAME "pjproject"
| #define PACKAGE_VERSION "0.7"
| #define PACKAGE_STRING "pjproject 0.7"
| #define PACKAGE_BUGREPORT ""
| #ifdef __cplusplus
| extern "C" void std::exit (int) throw (); using std::exit;
| #endif
| #define HAVE_LIBPTHREAD 1
| /* end confdefs.h.  */
| 
| /* Override any gcc2 internal prototype to avoid an error.  */
| #ifdef __cplusplus
| extern "C"
| #endif
| /* We use char because int might match the return type of a gcc2
|    builtin and then its argument prototype would still apply.  */
| char puts ();
| int
| main ()
| {
| puts ();
|   ;
|   return 0;
| }
aconfigure:3044: result: no
aconfigure:3056: checking for puts in -lwinmm
aconfigure:3086: gcc -o conftest -O2   conftest.c -lwinmm  -lpthread  >&5
conftest.c:20: warning: conflicting types for built-in function 'puts'
/usr/bin/ld: cannot find -lwinmm
collect2: ld returned 1 exit status
aconfigure:3092: $? = 1
aconfigure: failed program was:
| /* confdefs.h.  */
| 
| #define PACKAGE_NAME "pjproject"
| #define PACKAGE_TARNAME "pjproject"
| #define PACKAGE_VERSION "0.7"
| #define PACKAGE_STRING "pjproject 0.7"
| #define PACKAGE_BUGREPORT ""
| #ifdef __cplusplus
| extern "C" void std::exit (int) throw (); using std::exit;
| #endif
| #define HAVE_LIBPTHREAD 1
| /* end confdefs.h.  */
| 
| /* Override any gcc2 internal prototype to avoid an error.  */
| #ifdef __cplusplus
| extern "C"
| #endif
| /* We use char because int might match the return type of a gcc2
|    builtin and then its argument prototype would still apply.  */
| char puts ();
| int
| main ()
| {
| puts ();
|   ;
|   return 0;
| }
aconfigure:3118: result: no
aconfigure:3130: checking for puts in -lsocket
aconfigure:3160: gcc -o conftest -O2   conftest.c -lsocket  -lpthread  >&5
conftest.c:20: warning: conflicting types for built-in function 'puts'
/usr/bin/ld: cannot find -lsocket
collect2: ld returned 1 exit status
aconfigure:3166: $? = 1
aconfigure: failed program was:
| /* confdefs.h.  */
| 
| #define PACKAGE_NAME "pjproject"
| #define PACKAGE_TARNAME "pjproject"
| #define PACKAGE_VERSION "0.7"
| #define PACKAGE_STRING "pjproject 0.7"
| #define PACKAGE_BUGREPORT ""
| #ifdef __cplusplus
| extern "C" void std::exit (int) throw (); using std::exit;
| #endif
| #define HAVE_LIBPTHREAD 1
| /* end confdefs.h.  */
| 
| /* Override any gcc2 internal prototype to avoid an error.  */
| #ifdef __cplusplus
| extern "C"
| #endif
| /* We use char because int might match the return type of a gcc2
|    builtin and then its argument prototype would still apply.  */
| char puts ();
| int
| main ()
| {
| puts ();
|   ;
|   return 0;
| }
aconfigure:3192: result: no
aconfigure:3204: checking for puts in -lrt
aconfigure:3234: gcc -o conftest -O2   conftest.c -lrt  -lpthread  >&5
conftest.c:20: warning: conflicting types for built-in function 'puts'
aconfigure:3240: $? = 0
aconfigure:3244: test -z 
			 || test ! -s conftest.err
aconfigure:3247: $? = 0
aconfigure:3250: test -s conftest
aconfigure:3253: $? = 0
aconfigure:3266: result: yes
aconfigure:3278: checking for puts in -lnsl
aconfigure:3308: gcc -o conftest -O2   conftest.c -lnsl  -lrt -lpthread  >&5
conftest.c:21: warning: conflicting types for built-in function 'puts'
aconfigure:3314: $? = 0
aconfigure:3318: test -z 
			 || test ! -s conftest.err
aconfigure:3321: $? = 0
aconfigure:3324: test -s conftest
aconfigure:3327: $? = 0
aconfigure:3340: result: yes
aconfigure:3352: checking for uuid_generate in -luuid
aconfigure:3382: gcc -o conftest -O2   conftest.c -luuid  -lnsl -lrt -lpthread  >&5
aconfigure:3388: $? = 0
aconfigure:3392: test -z 
			 || test ! -s conftest.err
aconfigure:3395: $? = 0
aconfigure:3398: test -s conftest
aconfigure:3401: $? = 0
aconfigure:3414: result: yes
aconfigure:3425: checking for uuid_generate in -luuid
aconfigure:3487: result: yes
aconfigure:3494: result: Setting PJ_M_NAME to i686
aconfigure:3501: checking memory alignment
aconfigure:3517: result: 4 bytes (default)
aconfigure:3523: checking whether byte ordering is bigendian
aconfigure:3550: gcc -c -O2  conftest.c >&5
aconfigure:3556: $? = 0
aconfigure:3560: test -z 
			 || test ! -s conftest.err
aconfigure:3563: $? = 0
aconfigure:3566: test -s conftest.o
aconfigure:3569: $? = 0
aconfigure:3593: gcc -c -O2  conftest.c >&5
conftest.c: In function 'main':
conftest.c:25: error: 'not' undeclared (first use in this function)
conftest.c:25: error: (Each undeclared identifier is reported only once
conftest.c:25: error: for each function it appears in.)
conftest.c:25: error: expected ';' before 'big'
aconfigure:3599: $? = 1
aconfigure: failed program was:
| /* confdefs.h.  */
| 
| #define PACKAGE_NAME "pjproject"
| #define PACKAGE_TARNAME "pjproject"
| #define PACKAGE_VERSION "0.7"
| #define PACKAGE_STRING "pjproject 0.7"
| #define PACKAGE_BUGREPORT ""
| #ifdef __cplusplus
| extern "C" void std::exit (int) throw (); using std::exit;
| #endif
| #define HAVE_LIBPTHREAD 1
| #define HAVE_LIBRT 1
| #define HAVE_LIBNSL 1
| #define HAVE_LIBUUID 1
| #define PJ_M_NAME "i686"
| #define PJ_POOL_ALIGNMENT 4
| /* end confdefs.h.  */
| #include <sys/types.h>
| #include <sys/param.h>
| 
| int
| main ()
| {
| #if BYTE_ORDER != BIG_ENDIAN
|  not big endian
| #endif
| 
|   ;
|   return 0;
| }
aconfigure:3734: result: no
aconfigure:3817: result: Checking if floating point is disabled... no
aconfigure:3820: checking for fmod in -lm
aconfigure:3850: gcc -o conftest -O2   conftest.c -lm  -luuid -lnsl -lrt -lpthread  >&5
conftest.c:27: warning: conflicting types for built-in function 'fmod'
aconfigure:3856: $? = 0
aconfigure:3860: test -z 
			 || test ! -s conftest.err
aconfigure:3863: $? = 0
aconfigure:3866: test -s conftest
aconfigure:3869: $? = 0
aconfigure:3882: result: yes
aconfigure:3902: checking how to run the C preprocessor
aconfigure:3937: gcc -E  conftest.c
aconfigure:3943: $? = 0
aconfigure:3975: gcc -E  conftest.c
conftest.c:21:28: error: ac_nonexistent.h: No such file or directory
aconfigure:3981: $? = 1
aconfigure: failed program was:
| /* confdefs.h.  */
| 
| #define PACKAGE_NAME "pjproject"
| #define PACKAGE_TARNAME "pjproject"
| #define PACKAGE_VERSION "0.7"
| #define PACKAGE_STRING "pjproject 0.7"
| #define PACKAGE_BUGREPORT ""
| #ifdef __cplusplus
| extern "C" void std::exit (int) throw (); using std::exit;
| #endif
| #define HAVE_LIBPTHREAD 1
| #define HAVE_LIBRT 1
| #define HAVE_LIBNSL 1
| #define HAVE_LIBUUID 1
| #define PJ_M_NAME "i686"
| #define PJ_POOL_ALIGNMENT 4
| #define PJ_LINUX 1
| #define PJ_HAS_FLOATING_POINT 1
| #define HAVE_LIBM 1
| /* end confdefs.h.  */
| #include <ac_nonexistent.h>
aconfigure:4020: result: gcc -E
aconfigure:4044: gcc -E  conftest.c
aconfigure:4050: $? = 0
aconfigure:4082: gcc -E  conftest.c
conftest.c:21:28: error: ac_nonexistent.h: No such file or directory
aconfigure:4088: $? = 1
aconfigure: failed program was:
| /* confdefs.h.  */
| 
| #define PACKAGE_NAME "pjproject"
| #define PACKAGE_TARNAME "pjproject"
| #define PACKAGE_VERSION "0.7"
| #define PACKAGE_STRING "pjproject 0.7"
| #define PACKAGE_BUGREPORT ""
| #ifdef __cplusplus
| extern "C" void std::exit (int) throw (); using std::exit;
| #endif
| #define HAVE_LIBPTHREAD 1
| #define HAVE_LIBRT 1
| #define HAVE_LIBNSL 1
| #define HAVE_LIBUUID 1
| #define PJ_M_NAME "i686"
| #define PJ_POOL_ALIGNMENT 4
| #define PJ_LINUX 1
| #define PJ_HAS_FLOATING_POINT 1
| #define HAVE_LIBM 1
| /* end confdefs.h.  */
| #include <ac_nonexistent.h>
aconfigure:4132: checking for egrep
aconfigure:4142: result: grep -E
aconfigure:4147: checking for ANSI C header files
aconfigure:4172: gcc -c -O2  conftest.c >&5
aconfigure:4178: $? = 0
aconfigure:4182: test -z 
			 || test ! -s conftest.err
aconfigure:4185: $? = 0
aconfigure:4188: test -s conftest.o
aconfigure:4191: $? = 0
aconfigure:4280: gcc -o conftest -O2   conftest.c -lm -luuid -lnsl -lrt -lpthread  >&5
conftest.c: In function 'main':
conftest.c:38: warning: incompatible implicit declaration of built-in function 'exit'
aconfigure:4283: $? = 0
aconfigure:4285: ./conftest
aconfigure:4288: $? = 0
aconfigure:4303: result: yes
aconfigure:4327: checking for sys/types.h
aconfigure:4343: gcc -c -O2  conftest.c >&5
aconfigure:4349: $? = 0
aconfigure:4353: test -z 
			 || test ! -s conftest.err
aconfigure:4356: $? = 0
aconfigure:4359: test -s conftest.o
aconfigure:4362: $? = 0
aconfigure:4373: result: yes
aconfigure:4327: checking for sys/stat.h
aconfigure:4343: gcc -c -O2  conftest.c >&5
aconfigure:4349: $? = 0
aconfigure:4353: test -z 
			 || test ! -s conftest.err
aconfigure:4356: $? = 0
aconfigure:4359: test -s conftest.o
aconfigure:4362: $? = 0
aconfigure:4373: result: yes
aconfigure:4327: checking for stdlib.h
aconfigure:4343: gcc -c -O2  conftest.c >&5
aconfigure:4349: $? = 0
aconfigure:4353: test -z 
			 || test ! -s conftest.err
aconfigure:4356: $? = 0
aconfigure:4359: test -s conftest.o
aconfigure:4362: $? = 0
aconfigure:4373: result: yes
aconfigure:4327: checking for string.h
aconfigure:4343: gcc -c -O2  conftest.c >&5
aconfigure:4349: $? = 0
aconfigure:4353: test -z 
			 || test ! -s conftest.err
aconfigure:4356: $? = 0
aconfigure:4359: test -s conftest.o
aconfigure:4362: $? = 0
aconfigure:4373: result: yes
aconfigure:4327: checking for memory.h
aconfigure:4343: gcc -c -O2  conftest.c >&5
aconfigure:4349: $? = 0
aconfigure:4353: test -z 
			 || test ! -s conftest.err
aconfigure:4356: $? = 0
aconfigure:4359: test -s conftest.o
aconfigure:4362: $? = 0
aconfigure:4373: result: yes
aconfigure:4327: checking for strings.h
aconfigure:4343: gcc -c -O2  conftest.c >&5
aconfigure:4349: $? = 0
aconfigure:4353: test -z 
			 || test ! -s conftest.err
aconfigure:4356: $? = 0
aconfigure:4359: test -s conftest.o
aconfigure:4362: $? = 0
aconfigure:4373: result: yes
aconfigure:4327: checking for inttypes.h
aconfigure:4343: gcc -c -O2  conftest.c >&5
aconfigure:4349: $? = 0
aconfigure:4353: test -z 
			 || test ! -s conftest.err
aconfigure:4356: $? = 0
aconfigure:4359: test -s conftest.o
aconfigure:4362: $? = 0
aconfigure:4373: result: yes
aconfigure:4327: checking for stdint.h
aconfigure:4343: gcc -c -O2  conftest.c >&5
aconfigure:4349: $? = 0
aconfigure:4353: test -z 
			 || test ! -s conftest.err
aconfigure:4356: $? = 0
aconfigure:4359: test -s conftest.o
aconfigure:4362: $? = 0
aconfigure:4373: result: yes
aconfigure:4327: checking for unistd.h
aconfigure:4343: gcc -c -O2  conftest.c >&5
aconfigure:4349: $? = 0
aconfigure:4353: test -z 
			 || test ! -s conftest.err
aconfigure:4356: $? = 0
aconfigure:4359: test -s conftest.o
aconfigure:4362: $? = 0
aconfigure:4373: result: yes
aconfigure:4395: checking arpa/inet.h usability
aconfigure:4407: gcc -c -O2  conftest.c >&5
aconfigure:4413: $? = 0
aconfigure:4417: test -z 
			 || test ! -s conftest.err
aconfigure:4420: $? = 0
aconfigure:4423: test -s conftest.o
aconfigure:4426: $? = 0
aconfigure:4436: result: yes
aconfigure:4440: checking arpa/inet.h presence
aconfigure:4450: gcc -E  conftest.c
aconfigure:4456: $? = 0
aconfigure:4476: result: yes
aconfigure:4511: checking for arpa/inet.h
aconfigure:4518: result: yes
aconfigure:4540: checking assert.h usability
aconfigure:4552: gcc -c -O2  conftest.c >&5
aconfigure:4558: $? = 0
aconfigure:4562: test -z 
			 || test ! -s conftest.err
aconfigure:4565: $? = 0
aconfigure:4568: test -s conftest.o
aconfigure:4571: $? = 0
aconfigure:4581: result: yes
aconfigure:4585: checking assert.h presence
aconfigure:4595: gcc -E  conftest.c
aconfigure:4601: $? = 0
aconfigure:4621: result: yes
aconfigure:4656: checking for assert.h
aconfigure:4663: result: yes
aconfigure:4685: checking ctype.h usability
aconfigure:4697: gcc -c -O2  conftest.c >&5
aconfigure:4703: $? = 0
aconfigure:4707: test -z 
			 || test ! -s conftest.err
aconfigure:4710: $? = 0
aconfigure:4713: test -s conftest.o
aconfigure:4716: $? = 0
aconfigure:4726: result: yes
aconfigure:4730: checking ctype.h presence
aconfigure:4740: gcc -E  conftest.c
aconfigure:4746: $? = 0
aconfigure:4766: result: yes
aconfigure:4801: checking for ctype.h
aconfigure:4808: result: yes
aconfigure:4839: checking errno.h usability
aconfigure:4851: gcc -c -O2  conftest.c >&5
aconfigure:4857: $? = 0
aconfigure:4861: test -z 
			 || test ! -s conftest.err
aconfigure:4864: $? = 0
aconfigure:4867: test -s conftest.o
aconfigure:4870: $? = 0
aconfigure:4880: result: yes
aconfigure:4884: checking errno.h presence
aconfigure:4894: gcc -E  conftest.c
aconfigure:4900: $? = 0
aconfigure:4920: result: yes
aconfigure:4955: checking for errno.h
aconfigure:4962: result: yes
aconfigure:4987: checking linux/socket.h usability
aconfigure:4999: gcc -c -O2  conftest.c >&5
aconfigure:5005: $? = 0
aconfigure:5009: test -z 
			 || test ! -s conftest.err
aconfigure:5012: $? = 0
aconfigure:5015: test -s conftest.o
aconfigure:5018: $? = 0
aconfigure:5028: result: yes
aconfigure:5032: checking linux/socket.h presence
aconfigure:5042: gcc -E  conftest.c
aconfigure:5048: $? = 0
aconfigure:5068: result: yes
aconfigure:5103: checking for linux/socket.h
aconfigure:5110: result: yes
aconfigure:5132: checking malloc.h usability
aconfigure:5144: gcc -c -O2  conftest.c >&5
aconfigure:5150: $? = 0
aconfigure:5154: test -z 
			 || test ! -s conftest.err
aconfigure:5157: $? = 0
aconfigure:5160: test -s conftest.o
aconfigure:5163: $? = 0
aconfigure:5173: result: yes
aconfigure:5177: checking malloc.h presence
aconfigure:5187: gcc -E  conftest.c
aconfigure:5193: $? = 0
aconfigure:5213: result: yes
aconfigure:5248: checking for malloc.h
aconfigure:5255: result: yes
aconfigure:5277: checking netdb.h usability
aconfigure:5289: gcc -c -O2  conftest.c >&5
aconfigure:5295: $? = 0
aconfigure:5299: test -z 
			 || test ! -s conftest.err
aconfigure:5302: $? = 0
aconfigure:5305: test -s conftest.o
aconfigure:5308: $? = 0
aconfigure:5318: result: yes
aconfigure:5322: checking netdb.h presence
aconfigure:5332: gcc -E  conftest.c
aconfigure:5338: $? = 0
aconfigure:5358: result: yes
aconfigure:5393: checking for netdb.h
aconfigure:5400: result: yes
aconfigure:5422: checking netinet/in.h usability
aconfigure:5434: gcc -c -O2  conftest.c >&5
aconfigure:5440: $? = 0
aconfigure:5444: test -z 
			 || test ! -s conftest.err
aconfigure:5447: $? = 0
aconfigure:5450: test -s conftest.o
aconfigure:5453: $? = 0
aconfigure:5463: result: yes
aconfigure:5467: checking netinet/in.h presence
aconfigure:5477: gcc -E  conftest.c
aconfigure:5483: $? = 0
aconfigure:5503: result: yes
aconfigure:5538: checking for netinet/in.h
aconfigure:5545: result: yes
aconfigure:5567: checking netinet/ip.h usability
aconfigure:5579: gcc -c -O2  conftest.c >&5
aconfigure:5585: $? = 0
aconfigure:5589: test -z 
			 || test ! -s conftest.err
aconfigure:5592: $? = 0
aconfigure:5595: test -s conftest.o
aconfigure:5598: $? = 0
aconfigure:5608: result: yes
aconfigure:5612: checking netinet/ip.h presence
aconfigure:5622: gcc -E  conftest.c
aconfigure:5628: $? = 0
aconfigure:5648: result: yes
aconfigure:5683: checking for netinet/ip.h
aconfigure:5690: result: yes
aconfigure:5712: checking setjmp.h usability
aconfigure:5724: gcc -c -O2  conftest.c >&5
aconfigure:5730: $? = 0
aconfigure:5734: test -z 
			 || test ! -s conftest.err
aconfigure:5737: $? = 0
aconfigure:5740: test -s conftest.o
aconfigure:5743: $? = 0
aconfigure:5753: result: yes
aconfigure:5757: checking setjmp.h presence
aconfigure:5767: gcc -E  conftest.c
aconfigure:5773: $? = 0
aconfigure:5793: result: yes
aconfigure:5828: checking for setjmp.h
aconfigure:5835: result: yes
aconfigure:5857: checking stdarg.h usability
aconfigure:5869: gcc -c -O2  conftest.c >&5
aconfigure:5875: $? = 0
aconfigure:5879: test -z 
			 || test ! -s conftest.err
aconfigure:5882: $? = 0
aconfigure:5885: test -s conftest.o
aconfigure:5888: $? = 0
aconfigure:5898: result: yes
aconfigure:5902: checking stdarg.h presence
aconfigure:5912: gcc -E  conftest.c
aconfigure:5918: $? = 0
aconfigure:5938: result: yes
aconfigure:5973: checking for stdarg.h
aconfigure:5980: result: yes
aconfigure:6002: checking stddef.h usability
aconfigure:6014: gcc -c -O2  conftest.c >&5
aconfigure:6020: $? = 0
aconfigure:6024: test -z 
			 || test ! -s conftest.err
aconfigure:6027: $? = 0
aconfigure:6030: test -s conftest.o
aconfigure:6033: $? = 0
aconfigure:6043: result: yes
aconfigure:6047: checking stddef.h presence
aconfigure:6057: gcc -E  conftest.c
aconfigure:6063: $? = 0
aconfigure:6083: result: yes
aconfigure:6118: checking for stddef.h
aconfigure:6125: result: yes
aconfigure:6147: checking stdio.h usability
aconfigure:6159: gcc -c -O2  conftest.c >&5
aconfigure:6165: $? = 0
aconfigure:6169: test -z 
			 || test ! -s conftest.err
aconfigure:6172: $? = 0
aconfigure:6175: test -s conftest.o
aconfigure:6178: $? = 0
aconfigure:6188: result: yes
aconfigure:6192: checking stdio.h presence
aconfigure:6202: gcc -E  conftest.c
aconfigure:6208: $? = 0
aconfigure:6228: result: yes
aconfigure:6263: checking for stdio.h
aconfigure:6270: result: yes
aconfigure:6283: checking for stdlib.h
aconfigure:6288: result: yes
aconfigure:6428: checking for string.h
aconfigure:6433: result: yes
aconfigure:6582: checking sys/ioctl.h usability
aconfigure:6594: gcc -c -O2  conftest.c >&5
aconfigure:6600: $? = 0
aconfigure:6604: test -z 
			 || test ! -s conftest.err
aconfigure:6607: $? = 0
aconfigure:6610: test -s conftest.o
aconfigure:6613: $? = 0
aconfigure:6623: result: yes
aconfigure:6627: checking sys/ioctl.h presence
aconfigure:6637: gcc -E  conftest.c
aconfigure:6643: $? = 0
aconfigure:6663: result: yes
aconfigure:6698: checking for sys/ioctl.h
aconfigure:6705: result: yes
aconfigure:6727: checking sys/select.h usability
aconfigure:6739: gcc -c -O2  conftest.c >&5
aconfigure:6745: $? = 0
aconfigure:6749: test -z 
			 || test ! -s conftest.err
aconfigure:6752: $? = 0
aconfigure:6755: test -s conftest.o
aconfigure:6758: $? = 0
aconfigure:6768: result: yes
aconfigure:6772: checking sys/select.h presence
aconfigure:6782: gcc -E  conftest.c
aconfigure:6788: $? = 0
aconfigure:6808: result: yes
aconfigure:6843: checking for sys/select.h
aconfigure:6850: result: yes
aconfigure:6872: checking sys/socket.h usability
aconfigure:6884: gcc -c -O2  conftest.c >&5
aconfigure:6890: $? = 0
aconfigure:6894: test -z 
			 || test ! -s conftest.err
aconfigure:6897: $? = 0
aconfigure:6900: test -s conftest.o
aconfigure:6903: $? = 0
aconfigure:6913: result: yes
aconfigure:6917: checking sys/socket.h presence
aconfigure:6927: gcc -E  conftest.c
aconfigure:6933: $? = 0
aconfigure:6953: result: yes
aconfigure:6988: checking for sys/socket.h
aconfigure:6995: result: yes
aconfigure:7017: checking sys/time.h usability
aconfigure:7029: gcc -c -O2  conftest.c >&5
aconfigure:7035: $? = 0
aconfigure:7039: test -z 
			 || test ! -s conftest.err
aconfigure:7042: $? = 0
aconfigure:7045: test -s conftest.o
aconfigure:7048: $? = 0
aconfigure:7058: result: yes
aconfigure:7062: checking sys/time.h presence
aconfigure:7072: gcc -E  conftest.c
aconfigure:7078: $? = 0
aconfigure:7098: result: yes
aconfigure:7133: checking for sys/time.h
aconfigure:7140: result: yes
aconfigure:7162: checking sys/timeb.h usability
aconfigure:7174: gcc -c -O2  conftest.c >&5
aconfigure:7180: $? = 0
aconfigure:7184: test -z 
			 || test ! -s conftest.err
aconfigure:7187: $? = 0
aconfigure:7190: test -s conftest.o
aconfigure:7193: $? = 0
aconfigure:7203: result: yes
aconfigure:7207: checking sys/timeb.h presence
aconfigure:7217: gcc -E  conftest.c
aconfigure:7223: $? = 0
aconfigure:7243: result: yes
aconfigure:7278: checking for sys/timeb.h
aconfigure:7285: result: yes
aconfigure:7298: checking for sys/types.h
aconfigure:7303: result: yes
aconfigure:7452: checking time.h usability
aconfigure:7464: gcc -c -O2  conftest.c >&5
aconfigure:7470: $? = 0
aconfigure:7474: test -z 
			 || test ! -s conftest.err
aconfigure:7477: $? = 0
aconfigure:7480: test -s conftest.o
aconfigure:7483: $? = 0
aconfigure:7493: result: yes
aconfigure:7497: checking time.h presence
aconfigure:7507: gcc -E  conftest.c
aconfigure:7513: $? = 0
aconfigure:7533: result: yes
aconfigure:7568: checking for time.h
aconfigure:7575: result: yes
aconfigure:7588: checking for unistd.h
aconfigure:7593: result: yes
aconfigure:7742: checking mswsock.h usability
aconfigure:7754: gcc -c -O2  conftest.c >&5
conftest.c:88:21: error: mswsock.h: No such file or directory
aconfigure:7760: $? = 1
aconfigure: failed program was:
| /* confdefs.h.  */
| 
| #define PACKAGE_NAME "pjproject"
| #define PACKAGE_TARNAME "pjproject"
| #define PACKAGE_VERSION "0.7"
| #define PACKAGE_STRING "pjproject 0.7"
| #define PACKAGE_BUGREPORT ""
| #ifdef __cplusplus
| extern "C" void std::exit (int) throw (); using std::exit;
| #endif
| #define HAVE_LIBPTHREAD 1
| #define HAVE_LIBRT 1
| #define HAVE_LIBNSL 1
| #define HAVE_LIBUUID 1
| #define PJ_M_NAME "i686"
| #define PJ_POOL_ALIGNMENT 4
| #define PJ_LINUX 1
| #define PJ_HAS_FLOATING_POINT 1
| #define HAVE_LIBM 1
| #define STDC_HEADERS 1
| #define HAVE_SYS_TYPES_H 1
| #define HAVE_SYS_STAT_H 1
| #define HAVE_STDLIB_H 1
| #define HAVE_STRING_H 1
| #define HAVE_MEMORY_H 1
| #define HAVE_STRINGS_H 1
| #define HAVE_INTTYPES_H 1
| #define HAVE_STDINT_H 1
| #define HAVE_UNISTD_H 1
| #define PJ_HAS_ARPA_INET_H 1
| #define PJ_HAS_ASSERT_H 1
| #define PJ_HAS_CTYPE_H 1
| #define PJ_HAS_ERRNO_H 1
| #define PJ_HAS_LINUX_SOCKET_H 1
| #define PJ_HAS_MALLOC_H 1
| #define PJ_HAS_NETDB_H 1
| #define PJ_HAS_NETINET_IN_H 1
| #define PJ_HAS_NETINET_IP_H 1
| #define PJ_HAS_SETJMP_H 1
| #define PJ_HAS_STDARG_H 1
| #define PJ_HAS_STDDEF_H 1
| #define PJ_HAS_STDIO_H 1
| #define PJ_HAS_STDLIB_H 1
| #define PJ_HAS_STRING_H 1
| #define PJ_HAS_SYS_IOCTL_H 1
| #define PJ_HAS_SYS_SELECT_H 1
| #define PJ_HAS_SYS_SOCKET_H 1
| #define PJ_HAS_SYS_TIME_H 1
| #define PJ_HAS_SYS_TIMEB_H 1
| #define PJ_HAS_SYS_TYPES_H 1
| #define PJ_HAS_TIME_H 1
| #define PJ_HAS_UNISTD_H 1
| /* end confdefs.h.  */
| #include <stdio.h>
| #if HAVE_SYS_TYPES_H
| # include <sys/types.h>
| #endif
| #if HAVE_SYS_STAT_H
| # include <sys/stat.h>
| #endif
| #if STDC_HEADERS
| # include <stdlib.h>
| # include <stddef.h>
| #else
| # if HAVE_STDLIB_H
| #  include <stdlib.h>
| # endif
| #endif
| #if HAVE_STRING_H
| # if !STDC_HEADERS && HAVE_MEMORY_H
| #  include <memory.h>
| # endif
| # include <string.h>
| #endif
| #if HAVE_STRINGS_H
| # include <strings.h>
| #endif
| #if HAVE_INTTYPES_H
| # include <inttypes.h>
| #else
| # if HAVE_STDINT_H
| #  include <stdint.h>
| # endif
| #endif
| #if HAVE_UNISTD_H
| # include <unistd.h>
| #endif
| #include <mswsock.h>
aconfigure:7783: result: no
aconfigure:7787: checking mswsock.h presence
aconfigure:7797: gcc -E  conftest.c
conftest.c:54:21: error: mswsock.h: No such file or directory
aconfigure:7803: $? = 1
aconfigure: failed program was:
| /* confdefs.h.  */
| 
| #define PACKAGE_NAME "pjproject"
| #define PACKAGE_TARNAME "pjproject"
| #define PACKAGE_VERSION "0.7"
| #define PACKAGE_STRING "pjproject 0.7"
| #define PACKAGE_BUGREPORT ""
| #ifdef __cplusplus
| extern "C" void std::exit (int) throw (); using std::exit;
| #endif
| #define HAVE_LIBPTHREAD 1
| #define HAVE_LIBRT 1
| #define HAVE_LIBNSL 1
| #define HAVE_LIBUUID 1
| #define PJ_M_NAME "i686"
| #define PJ_POOL_ALIGNMENT 4
| #define PJ_LINUX 1
| #define PJ_HAS_FLOATING_POINT 1
| #define HAVE_LIBM 1
| #define STDC_HEADERS 1
| #define HAVE_SYS_TYPES_H 1
| #define HAVE_SYS_STAT_H 1
| #define HAVE_STDLIB_H 1
| #define HAVE_STRING_H 1
| #define HAVE_MEMORY_H 1
| #define HAVE_STRINGS_H 1
| #define HAVE_INTTYPES_H 1
| #define HAVE_STDINT_H 1
| #define HAVE_UNISTD_H 1
| #define PJ_HAS_ARPA_INET_H 1
| #define PJ_HAS_ASSERT_H 1
| #define PJ_HAS_CTYPE_H 1
| #define PJ_HAS_ERRNO_H 1
| #define PJ_HAS_LINUX_SOCKET_H 1
| #define PJ_HAS_MALLOC_H 1
| #define PJ_HAS_NETDB_H 1
| #define PJ_HAS_NETINET_IN_H 1
| #define PJ_HAS_NETINET_IP_H 1
| #define PJ_HAS_SETJMP_H 1
| #define PJ_HAS_STDARG_H 1
| #define PJ_HAS_STDDEF_H 1
| #define PJ_HAS_STDIO_H 1
| #define PJ_HAS_STDLIB_H 1
| #define PJ_HAS_STRING_H 1
| #define PJ_HAS_SYS_IOCTL_H 1
| #define PJ_HAS_SYS_SELECT_H 1
| #define PJ_HAS_SYS_SOCKET_H 1
| #define PJ_HAS_SYS_TIME_H 1
| #define PJ_HAS_SYS_TIMEB_H 1
| #define PJ_HAS_SYS_TYPES_H 1
| #define PJ_HAS_TIME_H 1
| #define PJ_HAS_UNISTD_H 1
| /* end confdefs.h.  */
| #include <mswsock.h>
aconfigure:7823: result: no
aconfigure:7858: checking for mswsock.h
aconfigure:7865: result: no
aconfigure:7887: checking winsock.h usability
aconfigure:7899: gcc -c -O2  conftest.c >&5
conftest.c:88:21: error: winsock.h: No such file or directory
aconfigure:7905: $? = 1
aconfigure: failed program was:
| /* confdefs.h.  */
| 
| #define PACKAGE_NAME "pjproject"
| #define PACKAGE_TARNAME "pjproject"
| #define PACKAGE_VERSION "0.7"
| #define PACKAGE_STRING "pjproject 0.7"
| #define PACKAGE_BUGREPORT ""
| #ifdef __cplusplus
| extern "C" void std::exit (int) throw (); using std::exit;
| #endif
| #define HAVE_LIBPTHREAD 1
| #define HAVE_LIBRT 1
| #define HAVE_LIBNSL 1
| #define HAVE_LIBUUID 1
| #define PJ_M_NAME "i686"
| #define PJ_POOL_ALIGNMENT 4
| #define PJ_LINUX 1
| #define PJ_HAS_FLOATING_POINT 1
| #define HAVE_LIBM 1
| #define STDC_HEADERS 1
| #define HAVE_SYS_TYPES_H 1
| #define HAVE_SYS_STAT_H 1
| #define HAVE_STDLIB_H 1
| #define HAVE_STRING_H 1
| #define HAVE_MEMORY_H 1
| #define HAVE_STRINGS_H 1
| #define HAVE_INTTYPES_H 1
| #define HAVE_STDINT_H 1
| #define HAVE_UNISTD_H 1
| #define PJ_HAS_ARPA_INET_H 1
| #define PJ_HAS_ASSERT_H 1
| #define PJ_HAS_CTYPE_H 1
| #define PJ_HAS_ERRNO_H 1
| #define PJ_HAS_LINUX_SOCKET_H 1
| #define PJ_HAS_MALLOC_H 1
| #define PJ_HAS_NETDB_H 1
| #define PJ_HAS_NETINET_IN_H 1
| #define PJ_HAS_NETINET_IP_H 1
| #define PJ_HAS_SETJMP_H 1
| #define PJ_HAS_STDARG_H 1
| #define PJ_HAS_STDDEF_H 1
| #define PJ_HAS_STDIO_H 1
| #define PJ_HAS_STDLIB_H 1
| #define PJ_HAS_STRING_H 1
| #define PJ_HAS_SYS_IOCTL_H 1
| #define PJ_HAS_SYS_SELECT_H 1
| #define PJ_HAS_SYS_SOCKET_H 1
| #define PJ_HAS_SYS_TIME_H 1
| #define PJ_HAS_SYS_TIMEB_H 1
| #define PJ_HAS_SYS_TYPES_H 1
| #define PJ_HAS_TIME_H 1
| #define PJ_HAS_UNISTD_H 1
| /* end confdefs.h.  */
| #include <stdio.h>
| #if HAVE_SYS_TYPES_H
| # include <sys/types.h>
| #endif
| #if HAVE_SYS_STAT_H
| # include <sys/stat.h>
| #endif
| #if STDC_HEADERS
| # include <stdlib.h>
| # include <stddef.h>
| #else
| # if HAVE_STDLIB_H
| #  include <stdlib.h>
| # endif
| #endif
| #if HAVE_STRING_H
| # if !STDC_HEADERS && HAVE_MEMORY_H
| #  include <memory.h>
| # endif
| # include <string.h>
| #endif
| #if HAVE_STRINGS_H
| # include <strings.h>
| #endif
| #if HAVE_INTTYPES_H
| # include <inttypes.h>
| #else
| # if HAVE_STDINT_H
| #  include <stdint.h>
| # endif
| #endif
| #if HAVE_UNISTD_H
| # include <unistd.h>
| #endif
| #include <winsock.h>
aconfigure:7928: result: no
aconfigure:7932: checking winsock.h presence
aconfigure:7942: gcc -E  conftest.c
conftest.c:54:21: error: winsock.h: No such file or directory
aconfigure:7948: $? = 1
aconfigure: failed program was:
| /* confdefs.h.  */
| 
| #define PACKAGE_NAME "pjproject"
| #define PACKAGE_TARNAME "pjproject"
| #define PACKAGE_VERSION "0.7"
| #define PACKAGE_STRING "pjproject 0.7"
| #define PACKAGE_BUGREPORT ""
| #ifdef __cplusplus
| extern "C" void std::exit (int) throw (); using std::exit;
| #endif
| #define HAVE_LIBPTHREAD 1
| #define HAVE_LIBRT 1
| #define HAVE_LIBNSL 1
| #define HAVE_LIBUUID 1
| #define PJ_M_NAME "i686"
| #define PJ_POOL_ALIGNMENT 4
| #define PJ_LINUX 1
| #define PJ_HAS_FLOATING_POINT 1
| #define HAVE_LIBM 1
| #define STDC_HEADERS 1
| #define HAVE_SYS_TYPES_H 1
| #define HAVE_SYS_STAT_H 1
| #define HAVE_STDLIB_H 1
| #define HAVE_STRING_H 1
| #define HAVE_MEMORY_H 1
| #define HAVE_STRINGS_H 1
| #define HAVE_INTTYPES_H 1
| #define HAVE_STDINT_H 1
| #define HAVE_UNISTD_H 1
| #define PJ_HAS_ARPA_INET_H 1
| #define PJ_HAS_ASSERT_H 1
| #define PJ_HAS_CTYPE_H 1
| #define PJ_HAS_ERRNO_H 1
| #define PJ_HAS_LINUX_SOCKET_H 1
| #define PJ_HAS_MALLOC_H 1
| #define PJ_HAS_NETDB_H 1
| #define PJ_HAS_NETINET_IN_H 1
| #define PJ_HAS_NETINET_IP_H 1
| #define PJ_HAS_SETJMP_H 1
| #define PJ_HAS_STDARG_H 1
| #define PJ_HAS_STDDEF_H 1
| #define PJ_HAS_STDIO_H 1
| #define PJ_HAS_STDLIB_H 1
| #define PJ_HAS_STRING_H 1
| #define PJ_HAS_SYS_IOCTL_H 1
| #define PJ_HAS_SYS_SELECT_H 1
| #define PJ_HAS_SYS_SOCKET_H 1
| #define PJ_HAS_SYS_TIME_H 1
| #define PJ_HAS_SYS_TIMEB_H 1
| #define PJ_HAS_SYS_TYPES_H 1
| #define PJ_HAS_TIME_H 1
| #define PJ_HAS_UNISTD_H 1
| /* end confdefs.h.  */
| #include <winsock.h>
aconfigure:7968: result: no
aconfigure:8003: checking for winsock.h
aconfigure:8010: result: no
aconfigure:8032: checking winsock2.h usability
aconfigure:8044: gcc -c -O2  conftest.c >&5
conftest.c:88:22: error: winsock2.h: No such file or directory
aconfigure:8050: $? = 1
aconfigure: failed program was:
| /* confdefs.h.  */
| 
| #define PACKAGE_NAME "pjproject"
| #define PACKAGE_TARNAME "pjproject"
| #define PACKAGE_VERSION "0.7"
| #define PACKAGE_STRING "pjproject 0.7"
| #define PACKAGE_BUGREPORT ""
| #ifdef __cplusplus
| extern "C" void std::exit (int) throw (); using std::exit;
| #endif
| #define HAVE_LIBPTHREAD 1
| #define HAVE_LIBRT 1
| #define HAVE_LIBNSL 1
| #define HAVE_LIBUUID 1
| #define PJ_M_NAME "i686"
| #define PJ_POOL_ALIGNMENT 4
| #define PJ_LINUX 1
| #define PJ_HAS_FLOATING_POINT 1
| #define HAVE_LIBM 1
| #define STDC_HEADERS 1
| #define HAVE_SYS_TYPES_H 1
| #define HAVE_SYS_STAT_H 1
| #define HAVE_STDLIB_H 1
| #define HAVE_STRING_H 1
| #define HAVE_MEMORY_H 1
| #define HAVE_STRINGS_H 1
| #define HAVE_INTTYPES_H 1
| #define HAVE_STDINT_H 1
| #define HAVE_UNISTD_H 1
| #define PJ_HAS_ARPA_INET_H 1
| #define PJ_HAS_ASSERT_H 1
| #define PJ_HAS_CTYPE_H 1
| #define PJ_HAS_ERRNO_H 1
| #define PJ_HAS_LINUX_SOCKET_H 1
| #define PJ_HAS_MALLOC_H 1
| #define PJ_HAS_NETDB_H 1
| #define PJ_HAS_NETINET_IN_H 1
| #define PJ_HAS_NETINET_IP_H 1
| #define PJ_HAS_SETJMP_H 1
| #define PJ_HAS_STDARG_H 1
| #define PJ_HAS_STDDEF_H 1
| #define PJ_HAS_STDIO_H 1
| #define PJ_HAS_STDLIB_H 1
| #define PJ_HAS_STRING_H 1
| #define PJ_HAS_SYS_IOCTL_H 1
| #define PJ_HAS_SYS_SELECT_H 1
| #define PJ_HAS_SYS_SOCKET_H 1
| #define PJ_HAS_SYS_TIME_H 1
| #define PJ_HAS_SYS_TIMEB_H 1
| #define PJ_HAS_SYS_TYPES_H 1
| #define PJ_HAS_TIME_H 1
| #define PJ_HAS_UNISTD_H 1
| /* end confdefs.h.  */
| #include <stdio.h>
| #if HAVE_SYS_TYPES_H
| # include <sys/types.h>
| #endif
| #if HAVE_SYS_STAT_H
| # include <sys/stat.h>
| #endif
| #if STDC_HEADERS
| # include <stdlib.h>
| # include <stddef.h>
| #else
| # if HAVE_STDLIB_H
| #  include <stdlib.h>
| # endif
| #endif
| #if HAVE_STRING_H
| # if !STDC_HEADERS && HAVE_MEMORY_H
| #  include <memory.h>
| # endif
| # include <string.h>
| #endif
| #if HAVE_STRINGS_H
| # include <strings.h>
| #endif
| #if HAVE_INTTYPES_H
| # include <inttypes.h>
| #else
| # if HAVE_STDINT_H
| #  include <stdint.h>
| # endif
| #endif
| #if HAVE_UNISTD_H
| # include <unistd.h>
| #endif
| #include <winsock2.h>
aconfigure:8073: result: no
aconfigure:8077: checking winsock2.h presence
aconfigure:8087: gcc -E  conftest.c
conftest.c:54:22: error: winsock2.h: No such file or directory
aconfigure:8093: $? = 1
aconfigure: failed program was:
| /* confdefs.h.  */
| 
| #define PACKAGE_NAME "pjproject"
| #define PACKAGE_TARNAME "pjproject"
| #define PACKAGE_VERSION "0.7"
| #define PACKAGE_STRING "pjproject 0.7"
| #define PACKAGE_BUGREPORT ""
| #ifdef __cplusplus
| extern "C" void std::exit (int) throw (); using std::exit;
| #endif
| #define HAVE_LIBPTHREAD 1
| #define HAVE_LIBRT 1
| #define HAVE_LIBNSL 1
| #define HAVE_LIBUUID 1
| #define PJ_M_NAME "i686"
| #define PJ_POOL_ALIGNMENT 4
| #define PJ_LINUX 1
| #define PJ_HAS_FLOATING_POINT 1
| #define HAVE_LIBM 1
| #define STDC_HEADERS 1
| #define HAVE_SYS_TYPES_H 1
| #define HAVE_SYS_STAT_H 1
| #define HAVE_STDLIB_H 1
| #define HAVE_STRING_H 1
| #define HAVE_MEMORY_H 1
| #define HAVE_STRINGS_H 1
| #define HAVE_INTTYPES_H 1
| #define HAVE_STDINT_H 1
| #define HAVE_UNISTD_H 1
| #define PJ_HAS_ARPA_INET_H 1
| #define PJ_HAS_ASSERT_H 1
| #define PJ_HAS_CTYPE_H 1
| #define PJ_HAS_ERRNO_H 1
| #define PJ_HAS_LINUX_SOCKET_H 1
| #define PJ_HAS_MALLOC_H 1
| #define PJ_HAS_NETDB_H 1
| #define PJ_HAS_NETINET_IN_H 1
| #define PJ_HAS_NETINET_IP_H 1
| #define PJ_HAS_SETJMP_H 1
| #define PJ_HAS_STDARG_H 1
| #define PJ_HAS_STDDEF_H 1
| #define PJ_HAS_STDIO_H 1
| #define PJ_HAS_STDLIB_H 1
| #define PJ_HAS_STRING_H 1
| #define PJ_HAS_SYS_IOCTL_H 1
| #define PJ_HAS_SYS_SELECT_H 1
| #define PJ_HAS_SYS_SOCKET_H 1
| #define PJ_HAS_SYS_TIME_H 1
| #define PJ_HAS_SYS_TIMEB_H 1
| #define PJ_HAS_SYS_TYPES_H 1
| #define PJ_HAS_TIME_H 1
| #define PJ_HAS_UNISTD_H 1
| /* end confdefs.h.  */
| #include <winsock2.h>
aconfigure:8113: result: no
aconfigure:8148: checking for winsock2.h
aconfigure:8155: result: no
aconfigure:8177: checking uuid/uuid.h usability
aconfigure:8189: gcc -c -O2  conftest.c >&5
aconfigure:8195: $? = 0
aconfigure:8199: test -z 
			 || test ! -s conftest.err
aconfigure:8202: $? = 0
aconfigure:8205: test -s conftest.o
aconfigure:8208: $? = 0
aconfigure:8218: result: yes
aconfigure:8222: checking uuid/uuid.h presence
aconfigure:8232: gcc -E  conftest.c
aconfigure:8238: $? = 0
aconfigure:8258: result: yes
aconfigure:8293: checking for uuid/uuid.h
aconfigure:8300: result: yes
aconfigure:8310: result: Setting PJ_OS_NAME to i686-pc-linux-gnu
aconfigure:8317: result: Setting PJ_HAS_ERRNO_VAR to 1
aconfigure:8324: result: Setting PJ_HAS_HIGH_RES_TIMER to 1
aconfigure:8331: result: Setting PJ_HAS_MALLOC to 1
aconfigure:8338: result: Setting PJ_NATIVE_STRING_IS_UNICODE to 0
aconfigure:8345: result: Setting PJ_ATOMIC_VALUE_TYPE to long
aconfigure:8352: checking if inet_aton is available
aconfigure:8370: gcc -c -O2  conftest.c >&5
aconfigure:8376: $? = 0
aconfigure:8380: test -z 
			 || test ! -s conftest.err
aconfigure:8383: $? = 0
aconfigure:8386: test -s conftest.o
aconfigure:8389: $? = 0
aconfigure:8395: result: yes
aconfigure:8406: checking if sockaddr_in has sin_len member
aconfigure:8427: gcc -c -O2  conftest.c >&5
conftest.c: In function 'main':
conftest.c:68: error: 'struct sockaddr_in' has no member named 'sin_len'
aconfigure:8433: $? = 1
aconfigure: failed program was:
| /* confdefs.h.  */
| 
| #define PACKAGE_NAME "pjproject"
| #define PACKAGE_TARNAME "pjproject"
| #define PACKAGE_VERSION "0.7"
| #define PACKAGE_STRING "pjproject 0.7"
| #define PACKAGE_BUGREPORT ""
| #ifdef __cplusplus
| extern "C" void std::exit (int) throw (); using std::exit;
| #endif
| #define HAVE_LIBPTHREAD 1
| #define HAVE_LIBRT 1
| #define HAVE_LIBNSL 1
| #define HAVE_LIBUUID 1
| #define PJ_M_NAME "i686"
| #define PJ_POOL_ALIGNMENT 4
| #define PJ_LINUX 1
| #define PJ_HAS_FLOATING_POINT 1
| #define HAVE_LIBM 1
| #define STDC_HEADERS 1
| #define HAVE_SYS_TYPES_H 1
| #define HAVE_SYS_STAT_H 1
| #define HAVE_STDLIB_H 1
| #define HAVE_STRING_H 1
| #define HAVE_MEMORY_H 1
| #define HAVE_STRINGS_H 1
| #define HAVE_INTTYPES_H 1
| #define HAVE_STDINT_H 1
| #define HAVE_UNISTD_H 1
| #define PJ_HAS_ARPA_INET_H 1
| #define PJ_HAS_ASSERT_H 1
| #define PJ_HAS_CTYPE_H 1
| #define PJ_HAS_ERRNO_H 1
| #define PJ_HAS_LINUX_SOCKET_H 1
| #define PJ_HAS_MALLOC_H 1
| #define PJ_HAS_NETDB_H 1
| #define PJ_HAS_NETINET_IN_H 1
| #define PJ_HAS_NETINET_IP_H 1
| #define PJ_HAS_SETJMP_H 1
| #define PJ_HAS_STDARG_H 1
| #define PJ_HAS_STDDEF_H 1
| #define PJ_HAS_STDIO_H 1
| #define PJ_HAS_STDLIB_H 1
| #define PJ_HAS_STRING_H 1
| #define PJ_HAS_SYS_IOCTL_H 1
| #define PJ_HAS_SYS_SELECT_H 1
| #define PJ_HAS_SYS_SOCKET_H 1
| #define PJ_HAS_SYS_TIME_H 1
| #define PJ_HAS_SYS_TIMEB_H 1
| #define PJ_HAS_SYS_TYPES_H 1
| #define PJ_HAS_TIME_H 1
| #define PJ_HAS_UNISTD_H 1
| #define PJ_OS_NAME "i686-pc-linux-gnu"
| #define PJ_HAS_ERRNO_VAR 1
| #define PJ_HAS_HIGH_RES_TIMER 1
| #define PJ_HAS_MALLOC 1
| #define PJ_NATIVE_STRING_IS_UNICODE 0
| #define PJ_ATOMIC_VALUE_TYPE long
| #define PJ_SOCK_HAS_INET_ATON 1
| /* end confdefs.h.  */
| #include <sys/types.h>
| 				     #include <sys/socket.h>
| 		    		     #include <netinet/in.h>
| 		    		     #include <arpa/inet.h>
| int
| main ()
| {
| struct sockaddr_in a; a.sin_len=0;
|   ;
|   return 0;
| }
aconfigure:8458: result: no
aconfigure:8463: checking if socklen_t is available
aconfigure:8481: gcc -c -O2  conftest.c >&5
aconfigure:8487: $? = 0
aconfigure:8491: test -z 
			 || test ! -s conftest.err
aconfigure:8494: $? = 0
aconfigure:8497: test -s conftest.o
aconfigure:8500: $? = 0
aconfigure:8506: result: yes
aconfigure:8517: checking if SO_ERROR is available
aconfigure:8548: gcc -c -O2  conftest.c >&5
aconfigure:8554: $? = 0
aconfigure:8558: test -z 
			 || test ! -s conftest.err
aconfigure:8561: $? = 0
aconfigure:8564: test -s conftest.o
aconfigure:8567: $? = 0
aconfigure:8573: result: yes
aconfigure:8587: checking if pthread_rwlock_t is available
aconfigure:8605: gcc -c -O2  conftest.c >&5
aconfigure:8611: $? = 0
aconfigure:8615: test -z 
			 || test ! -s conftest.err
aconfigure:8618: $? = 0
aconfigure:8621: test -s conftest.o
aconfigure:8624: $? = 0
aconfigure:8630: result: yes
aconfigure:8687: checking sys/soundcard.h usability
aconfigure:8699: gcc -c -O2  conftest.c >&5
aconfigure:8705: $? = 0
aconfigure:8709: test -z 
			 || test ! -s conftest.err
aconfigure:8712: $? = 0
aconfigure:8715: test -s conftest.o
aconfigure:8718: $? = 0
aconfigure:8728: result: yes
aconfigure:8732: checking sys/soundcard.h presence
aconfigure:8742: gcc -E  conftest.c
aconfigure:8748: $? = 0
aconfigure:8768: result: yes
aconfigure:8803: checking for sys/soundcard.h
aconfigure:8810: result: yes
aconfigure:8829: checking linux/soundcard.h usability
aconfigure:8841: gcc -c -O2  conftest.c >&5
aconfigure:8847: $? = 0
aconfigure:8851: test -z 
			 || test ! -s conftest.err
aconfigure:8854: $? = 0
aconfigure:8857: test -s conftest.o
aconfigure:8860: $? = 0
aconfigure:8870: result: yes
aconfigure:8874: checking linux/soundcard.h presence
aconfigure:8884: gcc -E  conftest.c
aconfigure:8890: $? = 0
aconfigure:8910: result: yes
aconfigure:8945: checking for linux/soundcard.h
aconfigure:8952: result: yes
aconfigure:8971: checking machine/soundcard.h usability
aconfigure:8983: gcc -c -O2  conftest.c >&5
conftest.c:98:31: error: machine/soundcard.h: No such file or directory
aconfigure:8989: $? = 1
aconfigure: failed program was:
| /* confdefs.h.  */
| 
| #define PACKAGE_NAME "pjproject"
| #define PACKAGE_TARNAME "pjproject"
| #define PACKAGE_VERSION "0.7"
| #define PACKAGE_STRING "pjproject 0.7"
| #define PACKAGE_BUGREPORT ""
| #ifdef __cplusplus
| extern "C" void std::exit (int) throw (); using std::exit;
| #endif
| #define HAVE_LIBPTHREAD 1
| #define HAVE_LIBRT 1
| #define HAVE_LIBNSL 1
| #define HAVE_LIBUUID 1
| #define PJ_M_NAME "i686"
| #define PJ_POOL_ALIGNMENT 4
| #define PJ_LINUX 1
| #define PJ_HAS_FLOATING_POINT 1
| #define HAVE_LIBM 1
| #define STDC_HEADERS 1
| #define HAVE_SYS_TYPES_H 1
| #define HAVE_SYS_STAT_H 1
| #define HAVE_STDLIB_H 1
| #define HAVE_STRING_H 1
| #define HAVE_MEMORY_H 1
| #define HAVE_STRINGS_H 1
| #define HAVE_INTTYPES_H 1
| #define HAVE_STDINT_H 1
| #define HAVE_UNISTD_H 1
| #define PJ_HAS_ARPA_INET_H 1
| #define PJ_HAS_ASSERT_H 1
| #define PJ_HAS_CTYPE_H 1
| #define PJ_HAS_ERRNO_H 1
| #define PJ_HAS_LINUX_SOCKET_H 1
| #define PJ_HAS_MALLOC_H 1
| #define PJ_HAS_NETDB_H 1
| #define PJ_HAS_NETINET_IN_H 1
| #define PJ_HAS_NETINET_IP_H 1
| #define PJ_HAS_SETJMP_H 1
| #define PJ_HAS_STDARG_H 1
| #define PJ_HAS_STDDEF_H 1
| #define PJ_HAS_STDIO_H 1
| #define PJ_HAS_STDLIB_H 1
| #define PJ_HAS_STRING_H 1
| #define PJ_HAS_SYS_IOCTL_H 1
| #define PJ_HAS_SYS_SELECT_H 1
| #define PJ_HAS_SYS_SOCKET_H 1
| #define PJ_HAS_SYS_TIME_H 1
| #define PJ_HAS_SYS_TIMEB_H 1
| #define PJ_HAS_SYS_TYPES_H 1
| #define PJ_HAS_TIME_H 1
| #define PJ_HAS_UNISTD_H 1
| #define PJ_OS_NAME "i686-pc-linux-gnu"
| #define PJ_HAS_ERRNO_VAR 1
| #define PJ_HAS_HIGH_RES_TIMER 1
| #define PJ_HAS_MALLOC 1
| #define PJ_NATIVE_STRING_IS_UNICODE 0
| #define PJ_ATOMIC_VALUE_TYPE long
| #define PJ_SOCK_HAS_INET_ATON 1
| #define PJ_HAS_SOCKLEN_T 1
| #define PJ_HAS_SO_ERROR 1
| #define PJ_EMULATE_RWMUTEX 0
| /* end confdefs.h.  */
| #include <stdio.h>
| #if HAVE_SYS_TYPES_H
| # include <sys/types.h>
| #endif
| #if HAVE_SYS_STAT_H
| # include <sys/stat.h>
| #endif
| #if STDC_HEADERS
| # include <stdlib.h>
| # include <stddef.h>
| #else
| # if HAVE_STDLIB_H
| #  include <stdlib.h>
| # endif
| #endif
| #if HAVE_STRING_H
| # if !STDC_HEADERS && HAVE_MEMORY_H
| #  include <memory.h>
| # endif
| # include <string.h>
| #endif
| #if HAVE_STRINGS_H
| # include <strings.h>
| #endif
| #if HAVE_INTTYPES_H
| # include <inttypes.h>
| #else
| # if HAVE_STDINT_H
| #  include <stdint.h>
| # endif
| #endif
| #if HAVE_UNISTD_H
| # include <unistd.h>
| #endif
| #include <machine/soundcard.h>
aconfigure:9012: result: no
aconfigure:9016: checking machine/soundcard.h presence
aconfigure:9026: gcc -E  conftest.c
conftest.c:64:31: error: machine/soundcard.h: No such file or directory
aconfigure:9032: $? = 1
aconfigure: failed program was:
| /* confdefs.h.  */
| 
| #define PACKAGE_NAME "pjproject"
| #define PACKAGE_TARNAME "pjproject"
| #define PACKAGE_VERSION "0.7"
| #define PACKAGE_STRING "pjproject 0.7"
| #define PACKAGE_BUGREPORT ""
| #ifdef __cplusplus
| extern "C" void std::exit (int) throw (); using std::exit;
| #endif
| #define HAVE_LIBPTHREAD 1
| #define HAVE_LIBRT 1
| #define HAVE_LIBNSL 1
| #define HAVE_LIBUUID 1
| #define PJ_M_NAME "i686"
| #define PJ_POOL_ALIGNMENT 4
| #define PJ_LINUX 1
| #define PJ_HAS_FLOATING_POINT 1
| #define HAVE_LIBM 1
| #define STDC_HEADERS 1
| #define HAVE_SYS_TYPES_H 1
| #define HAVE_SYS_STAT_H 1
| #define HAVE_STDLIB_H 1
| #define HAVE_STRING_H 1
| #define HAVE_MEMORY_H 1
| #define HAVE_STRINGS_H 1
| #define HAVE_INTTYPES_H 1
| #define HAVE_STDINT_H 1
| #define HAVE_UNISTD_H 1
| #define PJ_HAS_ARPA_INET_H 1
| #define PJ_HAS_ASSERT_H 1
| #define PJ_HAS_CTYPE_H 1
| #define PJ_HAS_ERRNO_H 1
| #define PJ_HAS_LINUX_SOCKET_H 1
| #define PJ_HAS_MALLOC_H 1
| #define PJ_HAS_NETDB_H 1
| #define PJ_HAS_NETINET_IN_H 1
| #define PJ_HAS_NETINET_IP_H 1
| #define PJ_HAS_SETJMP_H 1
| #define PJ_HAS_STDARG_H 1
| #define PJ_HAS_STDDEF_H 1
| #define PJ_HAS_STDIO_H 1
| #define PJ_HAS_STDLIB_H 1
| #define PJ_HAS_STRING_H 1
| #define PJ_HAS_SYS_IOCTL_H 1
| #define PJ_HAS_SYS_SELECT_H 1
| #define PJ_HAS_SYS_SOCKET_H 1
| #define PJ_HAS_SYS_TIME_H 1
| #define PJ_HAS_SYS_TIMEB_H 1
| #define PJ_HAS_SYS_TYPES_H 1
| #define PJ_HAS_TIME_H 1
| #define PJ_HAS_UNISTD_H 1
| #define PJ_OS_NAME "i686-pc-linux-gnu"
| #define PJ_HAS_ERRNO_VAR 1
| #define PJ_HAS_HIGH_RES_TIMER 1
| #define PJ_HAS_MALLOC 1
| #define PJ_NATIVE_STRING_IS_UNICODE 0
| #define PJ_ATOMIC_VALUE_TYPE long
| #define PJ_SOCK_HAS_INET_ATON 1
| #define PJ_HAS_SOCKLEN_T 1
| #define PJ_HAS_SO_ERROR 1
| #define PJ_EMULATE_RWMUTEX 0
| /* end confdefs.h.  */
| #include <machine/soundcard.h>
aconfigure:9052: result: no
aconfigure:9087: checking for machine/soundcard.h
aconfigure:9094: result: no
aconfigure:9144: checking alsa/version.h usability
aconfigure:9156: gcc -c -O2  conftest.c >&5
aconfigure:9162: $? = 0
aconfigure:9166: test -z 
			 || test ! -s conftest.err
aconfigure:9169: $? = 0
aconfigure:9172: test -s conftest.o
aconfigure:9175: $? = 0
aconfigure:9185: result: yes
aconfigure:9189: checking alsa/version.h presence
aconfigure:9199: gcc -E  conftest.c
aconfigure:9205: $? = 0
aconfigure:9225: result: yes
aconfigure:9260: checking for alsa/version.h
aconfigure:9267: result: yes
aconfigure:9282: result: Checking sound device backend... unix
aconfigure:9298: result: Checking if small filter is disabled... no
aconfigure:9312: result: Checking if large filter is disabled... no
aconfigure:9326: result: Checking if Speex AEC is disabled...no
aconfigure:9344: result: Checking if G.711 codec is disabled...no
aconfigure:9363: result: Checking if L16 codec is disabled...no
aconfigure:9382: result: Checking if GSM codec is disabled...no
aconfigure:9400: result: Checking if Speex codec is disabled...no
aconfigure:9418: result: Checking if iLBC codec is disabled...no
aconfigure:9500: result: Skipping libsamplerate detection
aconfigure:9520: result: checking for OpenSSL installations..
aconfigure:9535: checking openssl/ssl.h usability
aconfigure:9547: gcc -c -O2  conftest.c >&5
aconfigure:9553: $? = 0
aconfigure:9557: test -z 
			 || test ! -s conftest.err
aconfigure:9560: $? = 0
aconfigure:9563: test -s conftest.o
aconfigure:9566: $? = 0
aconfigure:9576: result: yes
aconfigure:9580: checking openssl/ssl.h presence
aconfigure:9590: gcc -E  conftest.c
aconfigure:9596: $? = 0
aconfigure:9616: result: yes
aconfigure:9651: checking for openssl/ssl.h
aconfigure:9658: result: yes
aconfigure:9667: checking for SSL_library_init in -lssl
aconfigure:9697: gcc -o conftest -O2   conftest.c -lssl  -lm -luuid -lnsl -lrt -lpthread  -lasound >&5
aconfigure:9703: $? = 0
aconfigure:9707: test -z 
			 || test ! -s conftest.err
aconfigure:9710: $? = 0
aconfigure:9713: test -s conftest
aconfigure:9716: $? = 0
aconfigure:9729: result: yes
aconfigure:9735: checking for ERR_load_BIO_strings in -lcrypto
aconfigure:9765: gcc -o conftest -O2   conftest.c -lcrypto  -lm -luuid -lnsl -lrt -lpthread  -lasound -lssl >&5
aconfigure:9771: $? = 0
aconfigure:9775: test -z 
			 || test ! -s conftest.err
aconfigure:9778: $? = 0
aconfigure:9781: test -s conftest
aconfigure:9784: $? = 0
aconfigure:9797: result: yes
aconfigure:9804: result: OpenSSL library found, SSL support enabled
aconfigure:9820: checking if select() needs correct nfds
aconfigure:9834: result: no (default)
aconfigure:9836: result: ** Decided that select() doesn't need correct nfds (please check)
aconfigure:9841: checking if pj_thread_create() should enforce stack size
aconfigure:9855: result: no (default)
aconfigure:9860: checking if pj_thread_create() should allocate stack
aconfigure:9874: result: no (default)
aconfigure:9890: result: ** Setting non-blocking recv() retval to EAGAIN (please check)
aconfigure:9906: result: ** Setting non-blocking connect() retval to EINPROGRESS (please check)
aconfigure:10028: creating ./config.status

## ---------------------- ##
## Running config.status. ##
## ---------------------- ##

This file was extended by pjproject config.status 0.7, which was
generated by GNU Autoconf 2.59.  Invocation command line was

  CONFIG_FILES    = 
  CONFIG_HEADERS  = 
  CONFIG_LINKS    = 
  CONFIG_COMMANDS = 
  $ ./config.status 

on 3Di0021d

config.status:688: creating build.mak
config.status:688: creating build/os-auto.mak
config.status:688: creating pjlib/build/os-auto.mak
config.status:688: creating pjlib-util/build/os-auto.mak
config.status:688: creating pjmedia/build/os-auto.mak
config.status:688: creating pjsip/build/os-auto.mak
config.status:688: creating third_party/build/portaudio/os-auto.mak
config.status:688: creating third_party/build/os-auto.mak
config.status:791: creating pjlib/include/pj/compat/os_auto.h
config.status:1007: pjlib/include/pj/compat/os_auto.h is unchanged
config.status:791: creating pjlib/include/pj/compat/m_auto.h
config.status:1007: pjlib/include/pj/compat/m_auto.h is unchanged
config.status:791: creating pjmedia/include/pjmedia/config_auto.h
config.status:1007: pjmedia/include/pjmedia/config_auto.h is unchanged
config.status:791: creating pjmedia/include/pjmedia-codec/config_auto.h
config.status:1007: pjmedia/include/pjmedia-codec/config_auto.h is unchanged
config.status:791: creating pjsip/include/pjsip/sip_autoconf.h
config.status:1007: pjsip/include/pjsip/sip_autoconf.h is unchanged
aconfigure:11098: result:

The configuration for current target has been written to 'build.mak', and 'os-auto.mak' in various build directories.

Customizations can be put in:
  - 'user.mak'
  - 'pjlib/include/pj/config_site.h'

The next step now is to run 'make dep' and 'make'.


## ---------------- ##
## Cache variables. ##
## ---------------- ##

ac_cv_build=i686-pc-linux-gnu
ac_cv_build_alias=i686-pc-linux-gnu
ac_cv_c_bigendian=no
ac_cv_c_compiler_gnu=yes
ac_cv_cxx_compiler_gnu=yes
ac_cv_env_CC_set=
ac_cv_env_CC_value=
ac_cv_env_CFLAGS_set=
ac_cv_env_CFLAGS_value=
ac_cv_env_CPPFLAGS_set=
ac_cv_env_CPPFLAGS_value=
ac_cv_env_CPP_set=
ac_cv_env_CPP_value=
ac_cv_env_CXXFLAGS_set=
ac_cv_env_CXXFLAGS_value=
ac_cv_env_CXX_set=
ac_cv_env_CXX_value=
ac_cv_env_LDFLAGS_set=
ac_cv_env_LDFLAGS_value=
ac_cv_env_build_alias_set=
ac_cv_env_build_alias_value=
ac_cv_env_host_alias_set=
ac_cv_env_host_alias_value=
ac_cv_env_target_alias_set=
ac_cv_env_target_alias_value=
ac_cv_exeext=
ac_cv_header_alsa_version_h=yes
ac_cv_header_arpa_inet_h=yes
ac_cv_header_assert_h=yes
ac_cv_header_ctype_h=yes
ac_cv_header_errno_h=yes
ac_cv_header_inttypes_h=yes
ac_cv_header_linux_socket_h=yes
ac_cv_header_linux_soundcard_h=yes
ac_cv_header_machine_soundcard_h=no
ac_cv_header_malloc_h=yes
ac_cv_header_memory_h=yes
ac_cv_header_mswsock_h=no
ac_cv_header_netdb_h=yes
ac_cv_header_netinet_in_h=yes
ac_cv_header_netinet_ip_h=yes
ac_cv_header_openssl_ssl_h=yes
ac_cv_header_setjmp_h=yes
ac_cv_header_stdarg_h=yes
ac_cv_header_stdc=yes
ac_cv_header_stddef_h=yes
ac_cv_header_stdint_h=yes
ac_cv_header_stdio_h=yes
ac_cv_header_stdlib_h=yes
ac_cv_header_string_h=yes
ac_cv_header_strings_h=yes
ac_cv_header_sys_ioctl_h=yes
ac_cv_header_sys_select_h=yes
ac_cv_header_sys_socket_h=yes
ac_cv_header_sys_soundcard_h=yes
ac_cv_header_sys_stat_h=yes
ac_cv_header_sys_time_h=yes
ac_cv_header_sys_timeb_h=yes
ac_cv_header_sys_types_h=yes
ac_cv_header_time_h=yes
ac_cv_header_unistd_h=yes
ac_cv_header_uuid_uuid_h=yes
ac_cv_header_winsock2_h=no
ac_cv_header_winsock_h=no
ac_cv_host=i686-pc-linux-gnu
ac_cv_host_alias=i686-pc-linux-gnu
ac_cv_lib_crypto_ERR_load_BIO_strings=yes
ac_cv_lib_m_fmod=yes
ac_cv_lib_nsl_puts=yes
ac_cv_lib_ole32_puts=no
ac_cv_lib_pthread_pthread_create=yes
ac_cv_lib_rt_puts=yes
ac_cv_lib_socket_puts=no
ac_cv_lib_ssl_SSL_library_init=yes
ac_cv_lib_uuid_uuid_generate=yes
ac_cv_lib_winmm_puts=no
ac_cv_lib_ws2_32_puts=no
ac_cv_lib_wsock32_puts=no
ac_cv_objext=o
ac_cv_prog_CPP='gcc -E'
ac_cv_prog_ac_ct_CC=gcc
ac_cv_prog_ac_ct_CXX=g++
ac_cv_prog_cc_g=yes
ac_cv_prog_cc_stdc=
ac_cv_prog_cxx_g=yes
ac_cv_prog_egrep='grep -E'
ac_cv_target=i686-pc-linux-gnu
ac_cv_target_alias=i686-pc-linux-gnu

## ----------------- ##
## Output variables. ##
## ----------------- ##

CC='gcc'
CFLAGS='-O2'
CPP='gcc -E'
CPPFLAGS=''
CXX='g++'
CXXFLAGS='-O2 '
DEFS='-DHAVE_CONFIG_H'
ECHO_C=''
ECHO_N='-n'
ECHO_T=''
EGREP='grep -E'
EXEEXT=''
LDFLAGS=''
LIBOBJS=''
LIBS='-lm -luuid -lnsl -lrt -lpthread  -lasound -lssl -lcrypto'
LTLIBOBJS=''
OBJEXT='o'
PACKAGE_BUGREPORT=''
PACKAGE_NAME='pjproject'
PACKAGE_STRING='pjproject 0.7'
PACKAGE_TARNAME='pjproject'
PACKAGE_VERSION='0.7'
PATH_SEPARATOR=':'
SHELL='/bin/sh'
ac_cross_compile=''
ac_ct_CC='gcc'
ac_ct_CXX='g++'
ac_host='unix'
ac_linux_poll='select'
ac_main_obj='main.o'
ac_no_g711_codec=''
ac_no_gsm_codec=''
ac_no_ilbc_codec=''
ac_no_l16_codec=''
ac_no_large_filter=''
ac_no_small_filter=''
ac_no_speex_aec=''
ac_no_speex_codec=''
ac_no_ssl=''
ac_os_objs='file_access_unistd.o file_io_ansi.o os_core_unix.o os_error_unix.o os_time_unix.o os_timestamp_posix.o ioqueue_select.o guid_uuid.o'
ac_pa_cflags=' -DHAVE_SYS_SOUNDCARD_H -DHAVE_LINUX_SOUNDCARD_H'
ac_pa_use_alsa='1'
ac_pjdir='/home/ryanm/Code/voice/pjproject'
ac_pjmedia_snd='pa_unix'
bindir='${exec_prefix}/bin'
build='i686-pc-linux-gnu'
build_alias=''
build_cpu='i686'
build_os='linux-gnu'
build_vendor='pc'
datadir='${prefix}/share'
exec_prefix='${prefix}'
host='i686-pc-linux-gnu'
host_alias=''
host_cpu='i686'
host_os='linux-gnu'
host_vendor='pc'
includedir='${prefix}/include'
infodir='${prefix}/info'
libcrypto_present='1'
libdir='${exec_prefix}/lib'
libexecdir='${exec_prefix}/libexec'
libssl_present='1'
localstatedir='${prefix}/var'
mandir='${prefix}/man'
oldincludedir='/usr/include'
openssl_h_present='1'
prefix='/usr/local'
program_transform_name='s,x,x,'
sbindir='${exec_prefix}/sbin'
sharedstatedir='${prefix}/com'
sysconfdir='${prefix}/etc'
target='i686-pc-linux-gnu'
target_alias=''
target_cpu='i686'
target_os='linux-gnu'
target_vendor='pc'

## ----------- ##
## confdefs.h. ##
## ----------- ##

#define HAVE_INTTYPES_H 1
#define HAVE_LIBM 1
#define HAVE_LIBNSL 1
#define HAVE_LIBPTHREAD 1
#define HAVE_LIBRT 1
#define HAVE_LIBUUID 1
#define HAVE_MEMORY_H 1
#define HAVE_STDINT_H 1
#define HAVE_STDLIB_H 1
#define HAVE_STRINGS_H 1
#define HAVE_STRING_H 1
#define HAVE_SYS_STAT_H 1
#define HAVE_SYS_TYPES_H 1
#define HAVE_UNISTD_H 1
#define PACKAGE_BUGREPORT ""
#define PACKAGE_NAME "pjproject"
#define PACKAGE_STRING "pjproject 0.7"
#define PACKAGE_TARNAME "pjproject"
#define PACKAGE_VERSION "0.7"
#define PJSIP_HAS_TLS_TRANSPORT 1
#define PJ_ATOMIC_VALUE_TYPE long
#define PJ_BLOCKING_CONNECT_ERROR_VAL EINPROGRESS
#define PJ_BLOCKING_ERROR_VAL EAGAIN
#define PJ_EMULATE_RWMUTEX 0
#define PJ_HAS_ARPA_INET_H 1
#define PJ_HAS_ASSERT_H 1
#define PJ_HAS_CTYPE_H 1
#define PJ_HAS_ERRNO_H 1
#define PJ_HAS_ERRNO_VAR 1
#define PJ_HAS_FLOATING_POINT 1
#define PJ_HAS_HIGH_RES_TIMER 1
#define PJ_HAS_LINUX_SOCKET_H 1
#define PJ_HAS_MALLOC 1
#define PJ_HAS_MALLOC_H 1
#define PJ_HAS_NETDB_H 1
#define PJ_HAS_NETINET_IN_H 1
#define PJ_HAS_NETINET_IP_H 1
#define PJ_HAS_SETJMP_H 1
#define PJ_HAS_SOCKLEN_T 1
#define PJ_HAS_SO_ERROR 1
#define PJ_HAS_STDARG_H 1
#define PJ_HAS_STDDEF_H 1
#define PJ_HAS_STDIO_H 1
#define PJ_HAS_STDLIB_H 1
#define PJ_HAS_STRING_H 1
#define PJ_HAS_SYS_IOCTL_H 1
#define PJ_HAS_SYS_SELECT_H 1
#define PJ_HAS_SYS_SOCKET_H 1
#define PJ_HAS_SYS_TIMEB_H 1
#define PJ_HAS_SYS_TIME_H 1
#define PJ_HAS_SYS_TYPES_H 1
#define PJ_HAS_TIME_H 1
#define PJ_HAS_UNISTD_H 1
#define PJ_LINUX 1
#define PJ_M_NAME "i686"
#define PJ_NATIVE_STRING_IS_UNICODE 0
#define PJ_OS_NAME "i686-pc-linux-gnu"
#define PJ_POOL_ALIGNMENT 4
#define PJ_SELECT_NEEDS_NFDS 0
#define PJ_SOCK_HAS_INET_ATON 1
#define PJ_THREAD_ALLOCATE_STACK 0
#define PJ_THREAD_SET_STACK_SIZE 0
#define STDC_HEADERS 1
#endif
#ifdef __cplusplus
extern "C" void std::exit (int) throw (); using std::exit;

aconfigure: exit 0
